# JRE version: Java(TM) SE Runtime Environment (8.0_191-b12) (build 1.8.0_191-b12)
# Java VM: Java HotSpot(TM) 64-Bit Server VM (25.191-b12 mixed mode windows-amd64 compressed oops)
Heap:
 PSYoungGen      total 3584K, used 3166K [0x000000076af80000, 0x000000076b780000, 0x00000007c0000000)
  eden space 3072K, 86% used [0x000000076af80000,0x000000076b21bad8,0x000000076b280000)
  from space 512K, 96% used [0x000000076b280000,0x000000076b2fc020,0x000000076b300000)
  to   space 1024K, 0% used [0x000000076b680000,0x000000076b680000,0x000000076b780000)
 ParOldGen       total 5632K, used 987K [0x00000006c0e00000, 0x00000006c1380000, 0x000000076af80000)
  object space 5632K, 17% used [0x00000006c0e00000,0x00000006c0ef6f58,0x00000006c1380000)
 Metaspace       used 7183K, capacity 8116K, committed 8320K, reserved 1056768K
  class space    used 873K, capacity 880K, committed 896K, reserved 1048576K
GC Heap History (10 events):
Event: 0.219 GC heap before
{Heap before GC invocations=1 (full 0):
 PSYoungGen      total 2048K, used 1524K [0x000000076af80000, 0x000000076b200000, 0x00000007c0000000)
  eden space 1536K, 99% used [0x000000076af80000,0x000000076b0fd030,0x000000076b100000)
  from space 512K, 0% used [0x000000076b180000,0x000000076b180000,0x000000076b200000)
  to   space 512K, 0% used [0x000000076b100000,0x000000076b100000,0x000000076b180000)
 ParOldGen       total 5632K, used 0K [0x00000006c0e00000, 0x00000006c1380000, 0x000000076af80000)
  object space 5632K, 0% used [0x00000006c0e00000,0x00000006c0e00000,0x00000006c1380000)
 Metaspace       used 3226K, capacity 4812K, committed 5120K, reserved 1056768K
  class space    used 374K, capacity 456K, committed 512K, reserved 1048576K
Event: 0.220 GC heap after
Heap after GC invocations=1 (full 0):
 PSYoungGen      total 2048K, used 496K [0x000000076af80000, 0x000000076b200000, 0x00000007c0000000)
  eden space 1536K, 0% used [0x000000076af80000,0x000000076af80000,0x000000076b100000)
  from space 512K, 96% used [0x000000076b100000,0x000000076b17c010,0x000000076b180000)
  to   space 512K, 0% used [0x000000076b180000,0x000000076b180000,0x000000076b200000)
 ParOldGen       total 5632K, used 40K [0x00000006c0e00000, 0x00000006c1380000, 0x000000076af80000)
  object space 5632K, 0% used [0x00000006c0e00000,0x00000006c0e0a020,0x00000006c1380000)
 Metaspace       used 3226K, capacity 4812K, committed 5120K, reserved 1056768K
  class space    used 374K, capacity 456K, committed 512K, reserved 1048576K
}
Event: 0.271 GC heap before
{Heap before GC invocations=2 (full 0):
 PSYoungGen      total 2048K, used 1989K [0x000000076af80000, 0x000000076b200000, 0x00000007c0000000)
  eden space 1536K, 97% used [0x000000076af80000,0x000000076b0f5708,0x000000076b100000)
  from space 512K, 96% used [0x000000076b100000,0x000000076b17c010,0x000000076b180000)
  to   space 512K, 0% used [0x000000076b180000,0x000000076b180000,0x000000076b200000)
 ParOldGen       total 5632K, used 40K [0x00000006c0e00000, 0x00000006c1380000, 0x000000076af80000)
  object space 5632K, 0% used [0x00000006c0e00000,0x00000006c0e0a020,0x00000006c1380000)
 Metaspace       used 3992K, capacity 5388K, committed 5760K, reserved 1056768K
  class space    used 474K, capacity 520K, committed 640K, reserved 1048576K
Event: 0.272 GC heap after
Heap after GC invocations=2 (full 0):
 PSYoungGen      total 2048K, used 512K [0x000000076af80000, 0x000000076b380000, 0x00000007c0000000)
  eden space 1536K, 0% used [0x000000076af80000,0x000000076af80000,0x000000076b100000)
  from space 512K, 100% used [0x000000076b180000,0x000000076b200000,0x000000076b200000)
  to   space 512K, 0% used [0x000000076b100000,0x000000076b100000,0x000000076b180000)
 ParOldGen       total 5632K, used 88K [0x00000006c0e00000, 0x00000006c1380000, 0x000000076af80000)
  object space 5632K, 1% used [0x00000006c0e00000,0x00000006c0e16020,0x00000006c1380000)
 Metaspace       used 3992K, capacity 5388K, committed 5760K, reserved 1056768K
  class space    used 474K, capacity 520K, committed 640K, reserved 1048576K
}
Event: 0.302 GC heap before
{Heap before GC invocations=3 (full 0):
 PSYoungGen      total 2048K, used 2046K [0x000000076af80000, 0x000000076b380000, 0x00000007c0000000)
  eden space 1536K, 99% used [0x000000076af80000,0x000000076b0ff858,0x000000076b100000)
  from space 512K, 100% used [0x000000076b180000,0x000000076b200000,0x000000076b200000)
  to   space 512K, 0% used [0x000000076b100000,0x000000076b100000,0x000000076b180000)
 ParOldGen       total 5632K, used 88K [0x00000006c0e00000, 0x00000006c1380000, 0x000000076af80000)
  object space 5632K, 1% used [0x00000006c0e00000,0x00000006c0e16020,0x00000006c1380000)
 Metaspace       used 4473K, capacity 5836K, committed 6016K, reserved 1056768K
  class space    used 547K, capacity 584K, committed 640K, reserved 1048576K
Event: 0.303 GC heap after
Heap after GC invocations=3 (full 0):
 PSYoungGen      total 2048K, used 480K [0x000000076af80000, 0x000000076b380000, 0x00000007c0000000)
  eden space 1536K, 0% used [0x000000076af80000,0x000000076af80000,0x000000076b100000)
  from space 512K, 93% used [0x000000076b100000,0x000000076b178030,0x000000076b180000)
  to   space 512K, 0% used [0x000000076b300000,0x000000076b300000,0x000000076b380000)
 ParOldGen       total 5632K, used 496K [0x00000006c0e00000, 0x00000006c1380000, 0x000000076af80000)
  object space 5632K, 8% used [0x00000006c0e00000,0x00000006c0e7c030,0x00000006c1380000)
 Metaspace       used 4473K, capacity 5836K, committed 6016K, reserved 1056768K
  class space    used 547K, capacity 584K, committed 640K, reserved 1048576K
}
Event: 0.322 GC heap before
{Heap before GC invocations=4 (full 0):
 PSYoungGen      total 2048K, used 1946K [0x000000076af80000, 0x000000076b380000, 0x00000007c0000000)
  eden space 1536K, 95% used [0x000000076af80000,0x000000076b0ee800,0x000000076b100000)
  from space 512K, 93% used [0x000000076b100000,0x000000076b178030,0x000000076b180000)
  to   space 512K, 0% used [0x000000076b300000,0x000000076b300000,0x000000076b380000)
 ParOldGen       total 5632K, used 496K [0x00000006c0e00000, 0x00000006c1380000, 0x000000076af80000)
  object space 5632K, 8% used [0x00000006c0e00000,0x00000006c0e7c030,0x00000006c1380000)
 Metaspace       used 4915K, capacity 6220K, committed 6400K, reserved 1056768K
  class space    used 605K, capacity 648K, committed 768K, reserved 1048576K
Event: 0.323 GC heap after
Heap after GC invocations=4 (full 0):
 PSYoungGen      total 3584K, used 496K [0x000000076af80000, 0x000000076b380000, 0x00000007c0000000)
  eden space 3072K, 0% used [0x000000076af80000,0x000000076af80000,0x000000076b280000)
  from space 512K, 96% used [0x000000076b300000,0x000000076b37c020,0x000000076b380000)
  to   space 512K, 0% used [0x000000076b280000,0x000000076b280000,0x000000076b300000)
 ParOldGen       total 5632K, used 655K [0x00000006c0e00000, 0x00000006c1380000, 0x000000076af80000)
  object space 5632K, 11% used [0x00000006c0e00000,0x00000006c0ea3c60,0x00000006c1380000)
 Metaspace       used 4915K, capacity 6220K, committed 6400K, reserved 1056768K
  class space    used 605K, capacity 648K, committed 768K, reserved 1048576K
}
Event: 0.380 GC heap before
{Heap before GC invocations=5 (full 0):
 PSYoungGen      total 3584K, used 3568K [0x000000076af80000, 0x000000076b380000, 0x00000007c0000000)
  eden space 3072K, 100% used [0x000000076af80000,0x000000076b280000,0x000000076b280000)
  from space 512K, 96% used [0x000000076b300000,0x000000076b37c020,0x000000076b380000)
  to   space 512K, 0% used [0x000000076b280000,0x000000076b280000,0x000000076b300000)
 ParOldGen       total 5632K, used 655K [0x00000006c0e00000, 0x00000006c1380000, 0x000000076af80000)
  object space 5632K, 11% used [0x00000006c0e00000,0x00000006c0ea3c60,0x00000006c1380000)
 Metaspace       used 6028K, capacity 7244K, committed 7552K, reserved 1056768K
  class space    used 756K, capacity 776K, committed 896K, reserved 1048576K
Event: 0.381 GC heap after
Heap after GC invocations=5 (full 0):
 PSYoungGen      total 3584K, used 496K [0x000000076af80000, 0x000000076b780000, 0x00000007c0000000)
  eden space 3072K, 0% used [0x000000076af80000,0x000000076af80000,0x000000076b280000)
  from space 512K, 96% used [0x000000076b280000,0x000000076b2fc020,0x000000076b300000)
  to   space 1024K, 0% used [0x000000076b680000,0x000000076b680000,0x000000076b780000)
 ParOldGen       total 5632K, used 987K [0x00000006c0e00000, 0x00000006c1380000, 0x000000076af80000)
  object space 5632K, 17% used [0x00000006c0e00000,0x00000006c0ef6f58,0x00000006c1380000)
 Metaspace       used 6028K, capacity 7244K, committed 7552K, reserved 1056768K
  class space    used 756K, capacity 776K, committed 896K, reserved 1048576K
}

